123 : 2020-12-16 19:19:03,476 : INFO : telemetry.main : Attempt start. Configuration directory [/home/odl_user/.azure].
123 : 2020-12-16 19:19:03,477 : INFO : telemetry.check : Positive: The /home/odl_user/.azure/telemetry.txt does not exist.
123 : 2020-12-16 19:19:03,477 : DEBUG : telemetry.note : acquiring lock
123 : 2020-12-16 19:19:03,477 : DEBUG : telemetry.note : acquired lock
123 : 2020-12-16 19:19:03,477 : INFO : telemetry.note : Update the note mtime to 2020-12-16 19:19:03.477714
123 : 2020-12-16 19:19:03,477 : WARNING : telemetry.note : Fail to parse or read the timestamp 'N/A' in the note file. Set the last send time to minimal. Reason: not readable
123 : 2020-12-16 19:19:03,478 : INFO : telemetry.records : No cache to be uploaded.
123 : 2020-12-16 19:19:03,478 : INFO : telemetry.client : Accumulated 0 events. Flush the clients.
123 : 2020-12-16 19:19:03,478 : INFO : telemetry.note : Update the last send in note to 0001-01-01 00:00:00
123 : 2020-12-16 19:19:03,478 : INFO : telemetry.note : Update the note mtime to 2020-12-16 19:19:03.478448
112 : 2020-12-16 21:04:29,309 : INFO : telemetry.main : Attempt start. Configuration directory [/home/odl_user/.azure].
112 : 2020-12-16 21:04:29,313 : INFO : telemetry.check : Returns Positive.
112 : 2020-12-16 21:04:29,313 : DEBUG : telemetry.note : acquiring lock
112 : 2020-12-16 21:04:29,314 : DEBUG : telemetry.note : acquired lock
112 : 2020-12-16 21:04:29,314 : INFO : telemetry.note : Update the note mtime to 2020-12-16 21:04:29.314209
112 : 2020-12-16 21:04:29,320 : WARNING : telemetry.note : Fail to parse or read the timestamp '1-01-01T00:00:00' in the note file. Set the last send time to minimal. Reason: time data '1-01-01T00:00:00' does not match format '%Y-%m-%dT%H:%M:%S'
112 : 2020-12-16 21:04:29,320 : INFO : telemetry.records : No cache to be uploaded.
112 : 2020-12-16 21:04:29,320 : INFO : telemetry.client : Accumulated 0 events. Flush the clients.
112 : 2020-12-16 21:04:29,320 : INFO : telemetry.note : Update the last send in note to 0001-01-01 00:00:00
112 : 2020-12-16 21:04:29,320 : INFO : telemetry.note : Update the note mtime to 2020-12-16 21:04:29.320680
